build/app/outputs/mapping/release/seeds.txt
com.rarelane.merchforce.merchforce.MainActivity
com.rarelane.merchforce.merchforce.MainActivity: MainActivity()
...
com.mapbox.geojson.Polygon: java.lang.String toJson()
com.google.gson.JsonArray: double getAsDouble()
com.google.android.material.floatingactionbutton.FloatingActionButton: void setExpandedComponentIdHint(int)
androidx.lifecycle.ViewModel: ViewModel()
com.mapbox.android.telemetry.TelemetryEnabler$State: com.mapbox.android.telemetry.TelemetryEnabler$State valueOf(java.lang.String)
com.mapbox.mapboxsdk.style.layers.CircleLayer: java.lang.Object nativeGetCircleOpacity()
com.mapbox.mapboxsdk.style.layers.CircleLayer: java.lang.Object nativeGetCircleStrokeOpacity()
com.mapbox.mapboxsdk.offline.OfflineRegionDefinition: double getMinZoom()
com.mapbox.android.telemetry.MapboxTelemetryService: MapboxTelemetryService()
com.google.gson.JsonObject: com.google.gson.JsonElement get(java.lang.String)
com.mapbox.android.telemetry.VisionObjectDetectionEvent: void writeDoubleIfNotNull(android.os.Parcel,java.lang.Double)
com.fasterxml.jackson.core.JsonParser$Feature: com.fasterxml.jackson.core.JsonParser$Feature[] values()
com.mapbox.mapboxsdk.module.telemetry.OfflineDownloadEndEvent: java.lang.String getStyleURL()
androidx.fragment.app.FragmentContainerView: void setOnApplyWindowInsetsListener(android.view.View$OnApplyWindowInsetsListener)
com.mapbox.mapboxsdk.offline.OfflineManager: void initialize(com.mapbox.mapboxsdk.storage.FileSource)
org.osmdroid.views.MapView: void setTilesScaledToDpi(boolean)
com.mapbox.mapboxsdk.offline.OfflineRegionDefinition: java.lang.String getStyleURL()
com.mapbox.mapboxsdk.style.layers.SymbolLayer: java.lang.Object nativeGetSymbolPlacement()
com.mapbox.geojson.BoundingBox: com.mapbox.geojson.BoundingBox fromJson(java.lang.String)
com.mapbox.mapboxsdk.style.layers.FillExtrusionLayer: void nativeSetFillExtrusionPatternTransition(long,long)
io.flutter.view.AccessibilityBridge$StringAttributeType: io.flutter.view.AccessibilityBridge$StringAttributeType[] values()
io.flutter.embedding.engine.FlutterOverlaySurface: FlutterOverlaySurface(int,android.view.Surface)
com.mapbox.mapboxsdk.http.NativeHttpRequest: void cancel()
androidx.appcompat.widget.AppCompatImageView: void setSupportImageTintList(android.content.res.ColorStateList)
com.google.android.material.appbar.AppBarLayout: androidx.coordinatorlayout.widget.CoordinatorLayout$Behavior getBehavior()
androidx.core.view.ViewCompat$Api31Impl: androidx.core.view.ContentInfoCompat performReceiveContent(android.view.View,androidx.core.view.ContentInfoCompat)
com.google.android.material.floatingactionbutton.ExtendedFloatingActionButton: int getCollapsedSize()
com.mapbox.mapboxsdk.maps.NativeMapView: double nativeGetMaxZoom()
io.flutter.embedding.engine.FlutterJNI: void nativePrefetchDefaultFontManager()
androidx.appcompat.widget.DialogTitle: DialogTitle(android.content.Context,android.util.AttributeSet)
com.google.android.material.appbar.AppBarLayout: void setTargetElevation(float)
com.mapbox.android.telemetry.Attachment: void writeToParcel(android.os.Parcel,int)
androidx.appcompat.widget.AppCompatSpinner: androidx.appcompat.widget.AppCompatSpinner$SpinnerPopup getInternalPopup()
io.flutter.view.AccessibilityBridge$Flag: io.flutter.view.AccessibilityBridge$Flag[] values()
com.mapbox.mapboxsdk.maps.renderer.MapRenderer: void onDestroy()
androidx.core.widget.PopupWindowCompat$Api23Impl: int getWindowLayoutType(android.widget.PopupWindow)
androidx.core.app.AppOpsManagerCompat$Api29Impl: android.app.AppOpsManager getSystemService(android.content.Context)
androidx.appcompat.widget.ActionBarContextView: int getContentHeight()
com.mapbox.mapboxsdk.location.LocationIndicatorLayer: LocationIndicatorLayer(long)
androidx.appcompat.widget.AppCompatTextView: void setPrecomputedText(androidx.core.text.PrecomputedTextCompat)
com.mapbox.mapboxsdk.maps.NativeMapView: void onWillStartLoadingMap()
com.mapbox.geojson.Point: double altitude()
com.google.android.material.chip.Chip: android.content.res.ColorStateList getCheckedIconTint()