build/app/outputs/mapping/release/mapping.txt
# compiler: R8
# compiler_version: 3.1.66
# min_api: 21
# pg_map_id: 0885ce1
# common_typos_disable
# {"id":"com.android.tools.r8.mapping","version":"1.0"}
...
org.osmdroid.tileprovider.MapTileProviderBase$1 -> j8.h$a:
org.osmdroid.tileprovider.MapTileProviderBase$ScaleTileLooper -> j8.h$b:
    boolean isWorth -> m
    org.osmdroid.tileprovider.MapTileProviderBase this$0 -> n
    android.graphics.Rect mDestRect -> k
    int mDiff -> h
    int mTileSize_2 -> i
    android.graphics.Rect mSrcRect -> j
    int mOldTileZoomLevel -> f
    int mTileSize -> g
    java.util.HashMap mNewTiles -> e
    android.graphics.Paint mDebugPaint -> l
    void finaliseLoop() -> a
    void handleTile(long,int,int) -> b
    void initialiseLoop() -> c
    void computeTile(long,int,int) -> g
    void loop(double,org.osmdroid.util.RectL,double,int) -> h
    void putScaledTileIntoCache(long,android.graphics.Bitmap) -> i
org.osmdroid.tileprovider.MapTileProviderBase$ZoomInTileLooper -> j8.h$c:
    org.osmdroid.tileprovider.MapTileProviderBase this$0 -> o
    void computeTile(long,int,int) -> g
org.osmdroid.tileprovider.MapTileProviderBase$ZoomOutTileLooper -> j8.h$d:
    org.osmdroid.tileprovider.MapTileProviderBase this$0 -> o
    void computeTile(long,int,int) -> g
org.osmdroid.tileprovider.MapTileProviderBasic -> j8.i:
    org.osmdroid.tileprovider.modules.IFilesystemCache tileWriter -> n
    org.osmdroid.tileprovider.modules.MapTileDownloader mDownloaderProvider -> p
    org.osmdroid.tileprovider.modules.MapTileApproximater mApproximationProvider -> q
    org.osmdroid.tileprovider.modules.INetworkAvailablityCheck mNetworkAvailabilityCheck -> o
    org.osmdroid.tileprovider.modules.MapTileFileStorageProviderBase getMapTileFileStorageProviderBase(org.osmdroid.tileprovider.IRegisterReceiver,org.osmdroid.tileprovider.tilesource.ITileSource,org.osmdroid.tileprovider.modules.IFilesystemCache) -> C
    boolean setOfflineFirst(boolean) -> D
    void detach() -> i
    boolean isDowngradedMode(long) -> z
org.osmdroid.tileprovider.MapTileRequestState -> j8.j:
    java.util.List mProviderQueue -> a
    org.osmdroid.tileprovider.IMapTileProviderCallback mCallback -> c
    long mMapTileIndex -> b
    int index -> d
    org.osmdroid.tileprovider.modules.MapTileModuleProviderBase mCurrentProvider -> e
    org.osmdroid.tileprovider.IMapTileProviderCallback getCallback() -> a
    long getMapTile() -> b
    org.osmdroid.tileprovider.modules.MapTileModuleProviderBase getNextProvider() -> c
    boolean isEmpty() -> d
org.osmdroid.tileprovider.ReusableBitmapDrawable -> j8.k:
    int mUsageRefCount -> d
    boolean mBitmapRecycled -> c
    void beginUsingDrawable() -> c
    void finishUsingDrawable() -> d
    boolean isBitmapValid() -> e
    android.graphics.Bitmap tryRecycle() -> f
org.osmdroid.tileprovider.TileStates -> j8.l:
    java.util.Collection mRunAfters -> a
    int mScaled -> f
    int mNotFound -> g
    int mUpToDate -> d
    int mExpired -> e
    boolean mDone -> b
    int mTotal -> c
    void finaliseLoop() -> a
    void handleTile(android.graphics.drawable.Drawable) -> b
    void initialiseLoop() -> c
org.osmdroid.tileprovider.modules.ArchiveFileFactory -> k8.a:
    java.util.Map extensionMap -> a
    org.osmdroid.tileprovider.modules.IArchiveFile getArchiveFile(java.io.File) -> a
org.osmdroid.tileprovider.modules.CantContinueException -> k8.b:
org.osmdroid.tileprovider.modules.ConfigurablePriorityThreadFactory -> k8.c:
    java.lang.String mName -> b
    int mPriority -> a
org.osmdroid.tileprovider.modules.DatabaseFileArchive -> k8.d:
    android.database.sqlite.SQLiteDatabase mDatabase -> a
    boolean mIgnoreTileSource -> b
    java.lang.String[] tile_column -> c
    void setIgnoreTileSource(boolean) -> a
    java.io.InputStream getInputStream(org.osmdroid.tileprovider.tilesource.ITileSource,long) -> b
    void init(java.io.File) -> c
    byte[] getImage(org.osmdroid.tileprovider.tilesource.ITileSource,long) -> d