build/app/outputs/mapping/release/usage.txt
com.rarelane.merchforce.merchforce.BuildConfig
com.rarelane.merchforce.merchforce.R$anim
com.rarelane.merchforce.merchforce.R$animator
com.rarelane.merchforce.merchforce.R$attr
com.rarelane.merchforce.merchforce.R$bool
com.rarelane.merchforce.merchforce.R$color
com.rarelane.merchforce.merchforce.R$dimen
com.rarelane.merchforce.merchforce.R$drawable
com.rarelane.merchforce.merchforce.R$id
com.rarelane.merchforce.merchforce.R$integer
com.rarelane.merchforce.merchforce.R$interpolator
com.rarelane.merchforce.merchforce.R$layout
com.rarelane.merchforce.merchforce.R$menu
com.rarelane.merchforce.merchforce.R$mipmap
com.rarelane.merchforce.merchforce.R$plurals
com.rarelane.merchforce.merchforce.R$string
com.rarelane.merchforce.merchforce.R$style
com.rarelane.merchforce.merchforce.R$styleable
com.rarelane.merchforce.merchforce.R$xml
com.rarelane.merchforce.merchforce.R
...
com.fasterxml.jackson.core.json.UTF8DataInputJsonParser
com.fasterxml.jackson.core.json.UTF8JsonGenerator
com.fasterxml.jackson.core.json.UTF8StreamJsonParser
com.fasterxml.jackson.core.json.WriterBasedJsonGenerator
com.fasterxml.jackson.core.sym.ByteQuadsCanonicalizer$TableInfo:
    public void <init>(com.fasterxml.jackson.core.sym.ByteQuadsCanonicalizer)
com.fasterxml.jackson.core.sym.ByteQuadsCanonicalizer:
    private static final int DEFAULT_T_SIZE
    static final int MAX_ENTRIES_FOR_REUSE
    private static final int MAX_T_SIZE
    private static final int MIN_HASH_SIZE
    private static final int MULT
    private static final int MULT2
    private static final int MULT3
    private boolean _hashShared
    private int _longNameOffset
    private java.lang.String[] _names
    private transient boolean _needRehash
    private int _tertiaryShift
    private void <init>(com.fasterxml.jackson.core.sym.ByteQuadsCanonicalizer,boolean,int,boolean,com.fasterxml.jackson.core.sym.ByteQuadsCanonicalizer$TableInfo)
    private int _appendLongName(int[],int)
    private final int _calcOffset(int)
    private int _findOffsetForAdd(int)
    private java.lang.String _findSecondary(int,int)
    private java.lang.String _findSecondary(int,int,int)
    private java.lang.String _findSecondary(int,int,int,int)
    private java.lang.String _findSecondary(int,int,int[],int)
    protected void _reportTooManyCollisions()
    private boolean _verifyLongName(int[],int,int)
    private boolean _verifyLongName2(int[],int,int)
    private void _verifyNeedForRehash()
    private void _verifySharing()
    static synthetic int access$000(com.fasterxml.jackson.core.sym.ByteQuadsCanonicalizer)
    static synthetic int access$100(com.fasterxml.jackson.core.sym.ByteQuadsCanonicalizer)
com.fasterxml.jackson.core.sym.CharsToNameCanonicalizer$Bucket:
    public final int length
    public final com.fasterxml.jackson.core.sym.CharsToNameCanonicalizer$Bucket next
    public final java.lang.String symbol
    public void <init>(java.lang.String,com.fasterxml.jackson.core.sym.CharsToNameCanonicalizer$Bucket)
    public java.lang.String has(char[],int,int)
com.fasterxml.jackson.core.sym.CharsToNameCanonicalizer:
    private static final int DEFAULT_T_SIZE
    public static final int HASH_MULT
    static final int MAX_COLL_CHAIN_LENGTH
    static final int MAX_ENTRIES_FOR_REUSE
    private static final int MAX_T_SIZE
    private java.util.BitSet _overflows
    private java.lang.String _addSymbol(char[],int,int,int,int)
    private java.lang.String _findSymbol2(char[],int,int,com.fasterxml.jackson.core.sym.CharsToNameCanonicalizer$Bucket)
    private void _handleSpillOverflow(int,com.fasterxml.jackson.core.sym.CharsToNameCanonicalizer$Bucket)
    public int _hashToIndex(int)
    public int bucketCount()
    public int calcHash(java.lang.String)
    public int calcHash(char[],int,int)
    public int collisionCount()
    private void copyArrays()
    public java.lang.String findSymbol(char[],int,int,int)
    public int hashSeed()
    public com.fasterxml.jackson.core.sym.CharsToNameCanonicalizer makeChild(int)
    public int maxCollisionLength()
    public boolean maybeDirty()
    private void mergeChild(com.fasterxml.jackson.core.sym.CharsToNameCanonicalizer)
    private void rehash()
    public void release()
    protected void reportTooManyCollisions(int)
    public int size()
com.fasterxml.jackson.core.sym.Name1
com.fasterxml.jackson.core.sym.Name2
com.fasterxml.jackson.core.sym.Name3
com.fasterxml.jackson.core.sym.Name
com.fasterxml.jackson.core.sym.NameN